<?xml version="1.0" encoding="UTF-8"?>
<testng-results skipped="0" failed="0" total="1" passed="1">
  <reporter-output>
  </reporter-output>
  <suite name="DiscoveryE2E" duration-ms="21463" started-at="2019-08-24T12:04:08Z" finished-at="2019-08-24T12:04:29Z">
    <groups>
      <group name="recommenedVideo">
        <method signature="CheckRecommendedVideosTest.checkRecommededVideos()[pri:1, instance:com.discovery.tests.CheckRecommendedVideosTest@3a894088]" name="checkRecommededVideos" class="com.discovery.tests.CheckRecommendedVideosTest"/>
      </group> <!-- recommenedVideo -->
    </groups>
    <test name="Test" duration-ms="21463" started-at="2019-08-24T12:04:08Z" finished-at="2019-08-24T12:04:29Z">
      <class name="com.discovery.tests.CheckRecommendedVideosTest">
        <test-method status="PASS" signature="init()[pri:0, instance:com.discovery.tests.CheckRecommendedVideosTest@3a894088]" name="init" is-config="true" duration-ms="28" started-at="2019-08-24T17:34:08Z" finished-at="2019-08-24T17:34:08Z">
          <reporter-output>
          </reporter-output>
        </test-method> <!-- init -->
        <test-method status="PASS" signature="checkRecommededVideos()[pri:1, instance:com.discovery.tests.CheckRecommendedVideosTest@3a894088]" name="checkRecommededVideos" duration-ms="21411" started-at="2019-08-24T17:34:08Z" finished-at="2019-08-24T17:34:29Z">
          <reporter-output>
          </reporter-output>
        </test-method> <!-- checkRecommededVideos -->
      </class> <!-- com.discovery.tests.CheckRecommendedVideosTest -->
      <class name="com.discovery.utils.DriverManager">
        <test-method status="PASS" signature="driverInitialization(java.lang.String, java.lang.String, java.lang.String, java.lang.String)[pri:0, instance:com.discovery.utils.DriverManager@f324455]" name="driverInitialization" is-config="true" duration-ms="15949" started-at="2019-08-24T17:33:52Z" finished-at="2019-08-24T17:34:08Z">
          <params>
            <param index="0">
              <value>
                <![CDATA[CHROME]]>
              </value>
            </param>
            <param index="1">
              <value>
                <![CDATA[WEB]]>
              </value>
            </param>
            <param index="2">
              <value>
                <![CDATA[https://www.discovery.com]]>
              </value>
            </param>
            <param index="3">
              <value>
                <![CDATA[WINDOWS]]>
              </value>
            </param>
          </params>
          <reporter-output>
          </reporter-output>
        </test-method> <!-- driverInitialization -->
        <test-method status="PASS" signature="tearDown()[pri:0, instance:com.discovery.utils.DriverManager@f324455]" name="tearDown" is-config="true" duration-ms="1184" started-at="2019-08-24T17:34:29Z" finished-at="2019-08-24T17:34:31Z">
          <reporter-output>
          </reporter-output>
        </test-method> <!-- tearDown -->
      </class> <!-- com.discovery.utils.DriverManager -->
    </test> <!-- Test -->
  </suite> <!-- DiscoveryE2E -->
</testng-results>
