<?xml version="1.0" encoding="UTF-8"?>
<testng-results skipped="0" failed="0" total="1" passed="1">
  <reporter-output>
  </reporter-output>
  <suite name="DiscoveryE2E" duration-ms="25910" started-at="2019-08-24T10:35:28Z" finished-at="2019-08-24T10:35:54Z">
    <groups>
      <group name="recommenedVideo">
        <method signature="CheckRecommendedVideosTest.test1()[pri:1, instance:com.discovery.tests.CheckRecommendedVideosTest@7c75222b]" name="test1" class="com.discovery.tests.CheckRecommendedVideosTest"/>
      </group> <!-- recommenedVideo -->
    </groups>
    <test name="Test" duration-ms="25910" started-at="2019-08-24T10:35:28Z" finished-at="2019-08-24T10:35:54Z">
      <class name="com.discovery.tests.CheckRecommendedVideosTest">
        <test-method status="PASS" signature="init()[pri:0, instance:com.discovery.tests.CheckRecommendedVideosTest@7c75222b]" name="init" is-config="true" duration-ms="49" started-at="2019-08-24T16:05:28Z" finished-at="2019-08-24T16:05:28Z">
          <reporter-output>
          </reporter-output>
        </test-method> <!-- init -->
        <test-method status="PASS" signature="test1()[pri:1, instance:com.discovery.tests.CheckRecommendedVideosTest@7c75222b]" name="test1" duration-ms="25847" started-at="2019-08-24T16:05:28Z" finished-at="2019-08-24T16:05:54Z">
          <reporter-output>
          </reporter-output>
        </test-method> <!-- test1 -->
      </class> <!-- com.discovery.tests.CheckRecommendedVideosTest -->
      <class name="com.discovery.utils.DriverManager">
        <test-method status="PASS" signature="driverInitialization(java.lang.String, java.lang.String, java.lang.String, java.lang.String)[pri:0, instance:com.discovery.utils.DriverManager@1cd072a9]" name="driverInitialization" is-config="true" duration-ms="16305" started-at="2019-08-24T16:05:12Z" finished-at="2019-08-24T16:05:28Z">
          <params>
            <param index="0">
              <value>
                <![CDATA[CHROME]]>
              </value>
            </param>
            <param index="1">
              <value>
                <![CDATA[WEB]]>
              </value>
            </param>
            <param index="2">
              <value>
                <![CDATA[https://www.discovery.com]]>
              </value>
            </param>
            <param index="3">
              <value>
                <![CDATA[WINDOWS]]>
              </value>
            </param>
          </params>
          <reporter-output>
          </reporter-output>
        </test-method> <!-- driverInitialization -->
        <test-method status="PASS" signature="tearDown()[pri:0, instance:com.discovery.utils.DriverManager@1cd072a9]" name="tearDown" is-config="true" duration-ms="5260" started-at="2019-08-24T16:05:54Z" finished-at="2019-08-24T16:05:59Z">
          <reporter-output>
          </reporter-output>
        </test-method> <!-- tearDown -->
      </class> <!-- com.discovery.utils.DriverManager -->
    </test> <!-- Test -->
  </suite> <!-- DiscoveryE2E -->
</testng-results>
